<?xml version="1.0" encoding="UTF-8"?>
<!-- Generated by org.testng.reporters.JUnitReportReporter -->
<testsuite hostname="DESKTOP-MKNJ0R0" failures="0" tests="1" name="testCases.TestAccountRegistration" time="2.512" errors="0" timestamp="2025-01-01T15:06:30 IST" skipped="0">
  <testcase classname="testCases.TestAccountRegistration" name="testRegistration" time="2.512"/>
</testsuite> <!-- testCases.TestAccountRegistration -->
